{"meta": {"format": 2, "version": "7.5.3", "timestamp": "2024-06-06T12:49:31.757358", "branch_coverage": false, "show_contexts": false}, "files": {"calc.py": {"executed_lines": [1, 3, 5, 7, 9, 11, 13, 15, 16, 18, 20, 22, 23, 24, 25, 26, 27, 28, 29, 31, 34, 35, 36, 37], "summary": {"covered_lines": 24, "num_statements": 24, "percent_covered": 100.0, "percent_covered_display": "100", "missing_lines": 0, "excluded_lines": 0}, "missing_lines": [], "excluded_lines": []}, "test_CalcAddition.py": {"executed_lines": [2, 65, 66, 68, 70, 72, 73, 76, 79, 81, 83, 84, 87, 90, 92, 94, 95, 98, 101, 103, 105, 106, 109, 112, 114, 116, 117, 120, 123], "summary": {"covered_lines": 28, "num_statements": 28, "percent_covered": 100.0, "percent_covered_display": "100", "missing_lines": 0, "excluded_lines": 0}, "missing_lines": [], "excluded_lines": []}, "test_CalcCalculator.py": {"executed_lines": [2, 76, 77, 79, 81, 82, 83, 84, 85, 86, 88, 89, 90, 91, 92, 93, 95, 96, 97, 98, 99, 100, 102, 103, 104, 105, 106, 107, 109, 110, 111, 112, 113, 114, 116, 117, 118, 119, 120, 121], "summary": {"covered_lines": 39, "num_statements": 39, "percent_covered": 100.0, "percent_covered_display": "100", "missing_lines": 0, "excluded_lines": 0}, "missing_lines": [], "excluded_lines": []}, "test_CalcDivision.py": {"executed_lines": [2, 65, 66, 68, 69, 70, 71, 72, 73, 75, 76, 77, 78, 79, 81, 82, 83, 84, 85, 87, 88, 89, 90, 91, 93, 94, 95, 96, 97], "summary": {"covered_lines": 28, "num_statements": 28, "percent_covered": 100.0, "percent_covered_display": "100", "missing_lines": 0, "excluded_lines": 0}, "missing_lines": [], "excluded_lines": []}, "test_CalcMultiplication.py": {"executed_lines": [2, 54, 55, 57, 59, 60, 61, 62, 63, 64, 66, 67, 68, 69, 70, 71, 73, 74, 75, 76, 77, 78, 80, 81, 82, 83, 84, 85], "summary": {"covered_lines": 27, "num_statements": 27, "percent_covered": 100.0, "percent_covered_display": "100", "missing_lines": 0, "excluded_lines": 0}, "missing_lines": [], "excluded_lines": []}, "test_CalcSubtraction.py": {"executed_lines": [2, 65, 66, 68, 70, 72, 73, 76, 79, 81, 83, 84, 87, 90, 92, 94, 95, 98, 101, 103, 105, 106, 109, 112, 114, 116, 117, 120, 123], "summary": {"covered_lines": 28, "num_statements": 28, "percent_covered": 100.0, "percent_covered_display": "100", "missing_lines": 0, "excluded_lines": 0}, "missing_lines": [], "excluded_lines": []}}, "totals": {"covered_lines": 174, "num_statements": 174, "percent_covered": 100.0, "percent_covered_display": "100", "missing_lines": 0, "excluded_lines": 0}}